
> nin@0.1.0 dev
> next dev

 ⚠ Port 3000 is in use, trying 3001 instead.
   ▲ Next.js 15.0.7
   - Local:        http://localhost:3001

 ✓ Starting...
 ✓ Ready in 2.9s
 ○ Compiling / ...
 ✓ Compiled / in 4s (373 modules)
 GET / 200 in 4164ms
 ○ Compiling /leaderboard ...
 ✓ Compiled /leaderboard in 2.5s (442 modules)
 GET /leaderboard 200 in 596ms
 GET / 200 in 47ms
 GET /leaderboard 200 in 14ms
 ✓ Compiled in 422ms (442 modules)
 ✓ Compiled in 429ms (442 modules)
 ✓ Compiled in 343ms (442 modules)
Could not find files for / in .next/build-manifest.json
Could not find files for / in .next/build-manifest.json
 GET / 200 in 86ms
 ✓ Compiled /_error in 312ms (444 modules)
 GET /_next/static/webpack/ee59ee0183ffd36c.webpack.hot-update.json 404 in 354ms
 ⚠ Fast Refresh had to perform a full reload. Read more: https://nextjs.org/docs/messages/fast-refresh-reload
 GET / 200 in 35ms
 GET /leaderboard 200 in 28ms
 GET / 200 in 10ms
 GET /leaderboard 200 in 8ms
 GET /leaderboard 200 in 6ms
